0 info it worked if it ends with ok
1 verbose cli [ '/usr/local/bin/node', '/usr/bin/npm', 'run', 'watch-css' ]
2 info using npm@3.10.10
3 info using node@v8.6.0
4 verbose run-script [ 'prewatch-css', 'watch-css', 'postwatch-css' ]
5 info lifecycle front-end@1.0.0~prewatch-css: front-end@1.0.0
6 silly lifecycle front-end@1.0.0~prewatch-css: no script for prewatch-css, continuing
7 info lifecycle front-end@1.0.0~watch-css: front-end@1.0.0
8 verbose lifecycle front-end@1.0.0~watch-css: unsafe-perm in lifecycle true
9 verbose lifecycle front-end@1.0.0~watch-css: PATH: /usr/lib/node_modules/npm/bin/node-gyp-bin:/home/matheus/Desktop/front-end/node_modules/.bin:/home/matheus/bin:/home/matheus/.local/bin:/usr/local/sbin:/usr/local/bin:/usr/sbin:/usr/bin:/sbin:/bin:/usr/games:/usr/local/games:/snap/bin
10 verbose lifecycle front-end@1.0.0~watch-css: CWD: /home/matheus/Desktop/front-end
11 silly lifecycle front-end@1.0.0~watch-css: Args: [ '-c', './bin/watch-css' ]
12 silly lifecycle front-end@1.0.0~watch-css: Returned: code: 1  signal: null
13 info lifecycle front-end@1.0.0~watch-css: Failed to exec watch-css script
14 verbose stack Error: front-end@1.0.0 watch-css: `./bin/watch-css`
14 verbose stack Exit status 1
14 verbose stack     at EventEmitter.<anonymous> (/usr/lib/node_modules/npm/lib/utils/lifecycle.js:255:16)
14 verbose stack     at emitTwo (events.js:125:13)
14 verbose stack     at EventEmitter.emit (events.js:213:7)
14 verbose stack     at ChildProcess.<anonymous> (/usr/lib/node_modules/npm/lib/utils/spawn.js:40:14)
14 verbose stack     at emitTwo (events.js:125:13)
14 verbose stack     at ChildProcess.emit (events.js:213:7)
14 verbose stack     at maybeClose (internal/child_process.js:927:16)
14 verbose stack     at Process.ChildProcess._handle.onexit (internal/child_process.js:211:5)
15 verbose pkgid front-end@1.0.0
16 verbose cwd /home/matheus/Desktop/front-end
17 error Linux 4.10.0-37-generic
18 error argv "/usr/local/bin/node" "/usr/bin/npm" "run" "watch-css"
19 error node v8.6.0
20 error npm  v3.10.10
21 error code ELIFECYCLE
22 error front-end@1.0.0 watch-css: `./bin/watch-css`
22 error Exit status 1
23 error Failed at the front-end@1.0.0 watch-css script './bin/watch-css'.
23 error Make sure you have the latest version of node.js and npm installed.
23 error If you do, this is most likely a problem with the front-end package,
23 error not with npm itself.
23 error Tell the author that this fails on your system:
23 error     ./bin/watch-css
23 error You can get information on how to open an issue for this project with:
23 error     npm bugs front-end
23 error Or if that isn't available, you can get their info via:
23 error     npm owner ls front-end
23 error There is likely additional logging output above.
24 verbose exit [ 1, true ]
